<?xml version="1.0" encoding="UTF-8"?>
<!-- Generated by org.testng.reporters.JUnitReportReporter -->
<testsuite hostname="EDNAWS_140" name="testWordpress.Test_post" tests="5" failures="0" timestamp="9 Dec 2013 07:25:22 GMT" time="0.017" errors="0">
  <testcase name="EditPost" time="0.007" classname="testWordpress.Test_post"/>
  <testcase name="QuickEditPost" time="0.001" classname="testWordpress.Test_post"/>
  <testcase name="ViewPost" time="0.002" classname="testWordpress.Test_post"/>
  <testcase name="AddNewPost" time="0.004" classname="testWordpress.Test_post"/>
  <testcase name="TrashPost" time="0.003" classname="testWordpress.Test_post"/>
</testsuite> <!-- testWordpress.Test_post -->
